<?xml version="1.0" encoding="UTF-8"?>
<!-- Generated by org.testng.reporters.JUnitXMLReporter -->
<testsuite hostname="POOJA-PC" ignored="0" name="Test" tests="4" failures="0" timestamp="2020-07-04T18:36:20 IST" time="0.12" errors="0">
  <testcase name="browserAutomation" time="0.012" classname="test.Selenium_Test"/>
  <testcase name="elementsUi" time="0.0" classname="test.Selenium_Test"/>
  <testcase name="androidApp" time="0.002" classname="test.Appium_Test"/>
  <testcase name="iosApp" time="0.002" classname="test.Appium_Test"/>
</testsuite> <!-- Test -->
