<?xml version="1.0" encoding="UTF-8"?>
<testsuite xmlns:xsi="http://www.w3.org/2001/XMLSchema-instance" xsi:noNamespaceSchemaLocation="https://maven.apache.org/surefire/maven-surefire-plugin/xsd/surefire-test-report-3.0.xsd" version="3.0" name="TestSuite" time="2.135" tests="4" errors="0" skipped="0" failures="0">
  <properties>
[...]
</properties>
  <testcase name="browserAutomation" classname="test.Selenium_Test" time="0.015"/>
  <testcase name="elementsUi" classname="test.Selenium_Test" time="0.016"/>
  <testcase name="androidApp" classname="test.Appium_Test" time="0"/>
  <testcase name="iosApp" classname="test.Appium_Test" time="0"/>
</testsuite>