<?xml version="1.0" encoding="UTF-8"?>
<!-- Generated by org.testng.reporters.JUnitXMLReporter -->
<testsuite hostname="POOJA-PC" name="Test" tests="4" failures="0" timestamp="5 Jul 2020 08:18:41 GMT" time="0.078" errors="0">
  <testcase name="browserAutomation" time="0.015" classname="test.Selenium_Test"/>
  <testcase name="elementsUi" time="0.047" classname="test.Selenium_Test"/>
  <testcase name="androidApp" time="0.0" classname="test.Appium_Test"/>
  <testcase name="iosApp" time="0.0" classname="test.Appium_Test"/>
</testsuite> <!-- Test -->
